<?xml version="1.0" encoding="UTF-8"?>
<!-- Generated by org.testng.reporters.JUnitXMLReporter -->
<testsuite hostname="DT0050573" ignored="10" name="Feedzai Automation1" tests="48" failures="5" timestamp="13 Aug 2018 08:32:13 GMT" time="4574.195" errors="0">
  <testcase name="PulseChange_039c" time="140.227" classname="com.ril.FeedzaiTestScript.Feedzai_Rule039c_Agent"/>
  <testcase name="Validate_39c" time="136.575" classname="com.ril.FeedzaiTestScript.Feedzai_Rule039c_Agent"/>
  <testcase name="PulseRevert_039c" time="66.367" classname="com.ril.FeedzaiTestScript.Feedzai_Rule039c_Agent"/>
  <testcase name="PulseChange_007a" time="164.163" classname="com.ril.FeedzaiTestScript.Feedzai_Rule007a_Purchase"/>
  <testcase name="AM_Verify_007a" time="128.967" classname="com.ril.FeedzaiTestScript.Feedzai_Rule007a_Purchase"/>
  <testcase name="PulseRevert_007a" time="160.188" classname="com.ril.FeedzaiTestScript.Feedzai_Rule007a_Purchase"/>
  <testcase name="AgentRuleTest_250" time="112.689" classname="com.ril.FeedzaiTestScript.Feedzai_Rule250_250a_250d_250f_Agent"/>
  <testcase name="AgentRuleTest_250A" time="85.894" classname="com.ril.FeedzaiTestScript.Feedzai_Rule250_250a_250d_250f_Agent"/>
  <testcase name="AgentRuleTest_250d" time="75.752" classname="com.ril.FeedzaiTestScript.Feedzai_Rule250_250a_250d_250f_Agent"/>
  <testcase name="AgentRuleTest_250f" time="84.597" classname="com.ril.FeedzaiTestScript.Feedzai_Rule250_250a_250d_250f_Agent"/>
  <testcase name="PerformAgentTranc" time="149.414" classname="com.ril.FeedzaiTestScript.Feedzai_Rule250_250a_250d_250f_Agent">
    <skipped/>
  </testcase> <!-- PerformAgentTranc -->
  <testcase name="PerformAgentTranc" time="134.188" classname="com.ril.FeedzaiTestScript.Feedzai_Rule250_250a_250d_250f_Agent">
    <failure type="org.openqa.selenium.NoSuchElementException" message="no such element: Unable to locate element: {&amp;quot;method&amp;quot;:&amp;quot;xpath&amp;quot;,&amp;quot;selector&amp;quot;:&amp;quot;//input[@id=&amp;quot;r1:0:it1::content&amp;quot;]&amp;quot;}
  (Session info: chrome=68.0.3440.106)
  (Driver info: chromedriver=2.40.565498 (ea082db3280dd6843ebfb08a625e3eb905c4f5ab),platform=Windows NT 6.1.7601 SP1 x86_64) (WARNING: The server did not provide any stacktrace information)
Command duration or timeout: 0 milliseconds
For documentation on this error, please visit: http://seleniumhq.org/exceptions/no_such_element.html
Build info: version: &amp;apos;3.8.1&amp;apos;, revision: &amp;apos;6e95a6684b&amp;apos;, time: &amp;apos;2017-12-01T18:33:54.468Z&amp;apos;
System info: host: &amp;apos;DT0050573&amp;apos;, ip: &amp;apos;10.50.54.235&amp;apos;, os.name: &amp;apos;Windows 7&amp;apos;, os.arch: &amp;apos;amd64&amp;apos;, os.version: &amp;apos;6.1&amp;apos;, java.version: &amp;apos;1.8.0_171&amp;apos;
Driver info: org.openqa.selenium.chrome.ChromeDriver
Capabilities {acceptInsecureCerts: false, acceptSslCerts: false, applicationCacheEnabled: false, browserConnectionEnabled: false, browserName: chrome, chrome: {chromedriverVersion: 2.40.565498 (ea082db3280dd6..., userDataDir: C:\Users\SAILAJ~1.SAM\AppDa...}, cssSelectorsEnabled: true, databaseEnabled: false, handlesAlerts: true, hasTouchScreen: false, javascriptEnabled: true, locationContextEnabled: true, mobileEmulationEnabled: false, nativeEvents: true, networkConnectionEnabled: false, pageLoadStrategy: normal, platform: XP, platformName: XP, rotatable: false, setWindowRect: true, takesHeapSnapshot: true, takesScreenshot: true, unexpectedAlertBehaviour: , unhandledPromptBehavior: , version: 68.0.3440.106, webStorageEnabled: true}
Session ID: c710cd0e5b8c6ac293bc3ad58fad9b3c
*** Element info: {Using=xpath, value=//input[@id=&amp;quot;r1:0:it1::content&amp;quot;]}">
      <![CDATA[org.openqa.selenium.NoSuchElementException: no such element: Unable to locate element: {"method":"xpath","selector":"//input[@id="r1:0:it1::content"]"}
  (Session info: chrome=68.0.3440.106)
  (Driver info: chromedriver=2.40.565498 (ea082db3280dd6843ebfb08a625e3eb905c4f5ab),platform=Windows NT 6.1.7601 SP1 x86_64) (WARNING: The server did not provide any stacktrace information)
Command duration or timeout: 0 milliseconds
For documentation on this error, please visit: http://seleniumhq.org/exceptions/no_such_element.html
Build info: version: '3.8.1', revision: '6e95a6684b', time: '2017-12-01T18:33:54.468Z'
System info: host: 'DT0050573', ip: '10.50.54.235', os.name: 'Windows 7', os.arch: 'amd64', os.version: '6.1', java.version: '1.8.0_171'
Driver info: org.openqa.selenium.chrome.ChromeDriver
Capabilities {acceptInsecureCerts: false, acceptSslCerts: false, applicationCacheEnabled: false, browserConnectionEnabled: false, browserName: chrome, chrome: {chromedriverVersion: 2.40.565498 (ea082db3280dd6..., userDataDir: C:\Users\SAILAJ~1.SAM\AppDa...}, cssSelectorsEnabled: true, databaseEnabled: false, handlesAlerts: true, hasTouchScreen: false, javascriptEnabled: true, locationContextEnabled: true, mobileEmulationEnabled: false, nativeEvents: true, networkConnectionEnabled: false, pageLoadStrategy: normal, platform: XP, platformName: XP, rotatable: false, setWindowRect: true, takesHeapSnapshot: true, takesScreenshot: true, unexpectedAlertBehaviour: , unhandledPromptBehavior: , version: 68.0.3440.106, webStorageEnabled: true}
Session ID: c710cd0e5b8c6ac293bc3ad58fad9b3c
*** Element info: {Using=xpath, value=//input[@id="r1:0:it1::content"]}
at org.openqa.selenium.remote.ErrorHandler.createThrowable(ErrorHandler.java:214)
at org.openqa.selenium.remote.ErrorHandler.throwIfResponseFailed(ErrorHandler.java:166)
at org.openqa.selenium.remote.http.JsonHttpResponseCodec.reconstructValue(JsonHttpResponseCodec.java:40)
at org.openqa.selenium.remote.http.AbstractHttpResponseCodec.decode(AbstractHttpResponseCodec.java:80)
at org.openqa.selenium.remote.http.AbstractHttpResponseCodec.decode(AbstractHttpResponseCodec.java:44)
at org.openqa.selenium.remote.HttpCommandExecutor.execute(HttpCommandExecutor.java:164)
at org.openqa.selenium.remote.service.DriverCommandExecutor.execute(DriverCommandExecutor.java:83)
at org.openqa.selenium.remote.RemoteWebDriver.execute(RemoteWebDriver.java:601)
at org.openqa.selenium.remote.RemoteWebDriver.findElement(RemoteWebDriver.java:371)
at org.openqa.selenium.remote.RemoteWebDriver.findElementByXPath(RemoteWebDriver.java:473)
at org.openqa.selenium.By$ByXPath.findElement(By.java:361)
at org.openqa.selenium.remote.RemoteWebDriver.findElement(RemoteWebDriver.java:363)
at org.openqa.selenium.support.events.EventFiringWebDriver.lambda$new$1(EventFiringWebDriver.java:103)
at com.sun.proxy.$Proxy7.findElement(Unknown Source)
at org.openqa.selenium.support.events.EventFiringWebDriver.findElement(EventFiringWebDriver.java:186)
at com.ril.Feedzai.Utility.Login_LogOut.Agent_LogIn(Login_LogOut.java:91)
at com.ril.FeedzaiTestScript.Feedzai_Rule250_250a_250d_250f_Agent.PerformAgentTranc(Feedzai_Rule250_250a_250d_250f_Agent.java:286)
... Removed 32 stack frames]]>
    </failure>
  </testcase> <!-- PerformAgentTranc -->
  <testcase name="PulseRevert_250" time="59.429" classname="com.ril.FeedzaiTestScript.Feedzai_Rule250_250a_250d_250f_Agent"/>
  <testcase name="PulseRevert_250a" time="30.162" classname="com.ril.FeedzaiTestScript.Feedzai_Rule250_250a_250d_250f_Agent"/>
  <testcase name="PulseRevert_250d" time="25.088" classname="com.ril.FeedzaiTestScript.Feedzai_Rule250_250a_250d_250f_Agent"/>
  <testcase name="PulseRevert_250f" time="27.74" classname="com.ril.FeedzaiTestScript.Feedzai_Rule250_250a_250d_250f_Agent"/>
  <testcase name="AgentRuleTest_250" time="112.85" classname="com.ril.FeedzaiTestScript.Feedzai_Rule250b_250c_250e_250g_Agent"/>
  <testcase name="AgentRuleTest_250c" time="86.939" classname="com.ril.FeedzaiTestScript.Feedzai_Rule250b_250c_250e_250g_Agent"/>
  <testcase name="AgentRuleTest_250e" time="85.511" classname="com.ril.FeedzaiTestScript.Feedzai_Rule250b_250c_250e_250g_Agent"/>
  <testcase name="AgentRuleTest_250A" time="85.595" classname="com.ril.FeedzaiTestScript.Feedzai_Rule250b_250c_250e_250g_Agent"/>
  <testcase name="PerformAgentTranc" time="149.853" classname="com.ril.FeedzaiTestScript.Feedzai_Rule250b_250c_250e_250g_Agent">
    <skipped/>
  </testcase> <!-- PerformAgentTranc -->
  <testcase name="PerformAgentTranc" time="134.041" classname="com.ril.FeedzaiTestScript.Feedzai_Rule250b_250c_250e_250g_Agent">
    <failure type="org.openqa.selenium.NoSuchElementException" message="no such element: Unable to locate element: {&amp;quot;method&amp;quot;:&amp;quot;xpath&amp;quot;,&amp;quot;selector&amp;quot;:&amp;quot;//input[@id=&amp;quot;r1:0:it1::content&amp;quot;]&amp;quot;}
  (Session info: chrome=68.0.3440.106)
  (Driver info: chromedriver=2.40.565498 (ea082db3280dd6843ebfb08a625e3eb905c4f5ab),platform=Windows NT 6.1.7601 SP1 x86_64) (WARNING: The server did not provide any stacktrace information)
Command duration or timeout: 0 milliseconds
For documentation on this error, please visit: http://seleniumhq.org/exceptions/no_such_element.html
Build info: version: &amp;apos;3.8.1&amp;apos;, revision: &amp;apos;6e95a6684b&amp;apos;, time: &amp;apos;2017-12-01T18:33:54.468Z&amp;apos;
System info: host: &amp;apos;DT0050573&amp;apos;, ip: &amp;apos;10.50.54.235&amp;apos;, os.name: &amp;apos;Windows 7&amp;apos;, os.arch: &amp;apos;amd64&amp;apos;, os.version: &amp;apos;6.1&amp;apos;, java.version: &amp;apos;1.8.0_171&amp;apos;
Driver info: org.openqa.selenium.chrome.ChromeDriver
Capabilities {acceptInsecureCerts: false, acceptSslCerts: false, applicationCacheEnabled: false, browserConnectionEnabled: false, browserName: chrome, chrome: {chromedriverVersion: 2.40.565498 (ea082db3280dd6..., userDataDir: C:\Users\SAILAJ~1.SAM\AppDa...}, cssSelectorsEnabled: true, databaseEnabled: false, handlesAlerts: true, hasTouchScreen: false, javascriptEnabled: true, locationContextEnabled: true, mobileEmulationEnabled: false, nativeEvents: true, networkConnectionEnabled: false, pageLoadStrategy: normal, platform: XP, platformName: XP, rotatable: false, setWindowRect: true, takesHeapSnapshot: true, takesScreenshot: true, unexpectedAlertBehaviour: , unhandledPromptBehavior: , version: 68.0.3440.106, webStorageEnabled: true}
Session ID: c710cd0e5b8c6ac293bc3ad58fad9b3c
*** Element info: {Using=xpath, value=//input[@id=&amp;quot;r1:0:it1::content&amp;quot;]}">
      <![CDATA[org.openqa.selenium.NoSuchElementException: no such element: Unable to locate element: {"method":"xpath","selector":"//input[@id="r1:0:it1::content"]"}
  (Session info: chrome=68.0.3440.106)
  (Driver info: chromedriver=2.40.565498 (ea082db3280dd6843ebfb08a625e3eb905c4f5ab),platform=Windows NT 6.1.7601 SP1 x86_64) (WARNING: The server did not provide any stacktrace information)
Command duration or timeout: 0 milliseconds
For documentation on this error, please visit: http://seleniumhq.org/exceptions/no_such_element.html
Build info: version: '3.8.1', revision: '6e95a6684b', time: '2017-12-01T18:33:54.468Z'
System info: host: 'DT0050573', ip: '10.50.54.235', os.name: 'Windows 7', os.arch: 'amd64', os.version: '6.1', java.version: '1.8.0_171'
Driver info: org.openqa.selenium.chrome.ChromeDriver
Capabilities {acceptInsecureCerts: false, acceptSslCerts: false, applicationCacheEnabled: false, browserConnectionEnabled: false, browserName: chrome, chrome: {chromedriverVersion: 2.40.565498 (ea082db3280dd6..., userDataDir: C:\Users\SAILAJ~1.SAM\AppDa...}, cssSelectorsEnabled: true, databaseEnabled: false, handlesAlerts: true, hasTouchScreen: false, javascriptEnabled: true, locationContextEnabled: true, mobileEmulationEnabled: false, nativeEvents: true, networkConnectionEnabled: false, pageLoadStrategy: normal, platform: XP, platformName: XP, rotatable: false, setWindowRect: true, takesHeapSnapshot: true, takesScreenshot: true, unexpectedAlertBehaviour: , unhandledPromptBehavior: , version: 68.0.3440.106, webStorageEnabled: true}
Session ID: c710cd0e5b8c6ac293bc3ad58fad9b3c
*** Element info: {Using=xpath, value=//input[@id="r1:0:it1::content"]}
at org.openqa.selenium.remote.ErrorHandler.createThrowable(ErrorHandler.java:214)
at org.openqa.selenium.remote.ErrorHandler.throwIfResponseFailed(ErrorHandler.java:166)
at org.openqa.selenium.remote.http.JsonHttpResponseCodec.reconstructValue(JsonHttpResponseCodec.java:40)
at org.openqa.selenium.remote.http.AbstractHttpResponseCodec.decode(AbstractHttpResponseCodec.java:80)
at org.openqa.selenium.remote.http.AbstractHttpResponseCodec.decode(AbstractHttpResponseCodec.java:44)
at org.openqa.selenium.remote.HttpCommandExecutor.execute(HttpCommandExecutor.java:164)
at org.openqa.selenium.remote.service.DriverCommandExecutor.execute(DriverCommandExecutor.java:83)
at org.openqa.selenium.remote.RemoteWebDriver.execute(RemoteWebDriver.java:601)
at org.openqa.selenium.remote.RemoteWebDriver.findElement(RemoteWebDriver.java:371)
at org.openqa.selenium.remote.RemoteWebDriver.findElementByXPath(RemoteWebDriver.java:473)
at org.openqa.selenium.By$ByXPath.findElement(By.java:361)
at org.openqa.selenium.remote.RemoteWebDriver.findElement(RemoteWebDriver.java:363)
at org.openqa.selenium.support.events.EventFiringWebDriver.lambda$new$1(EventFiringWebDriver.java:103)
at com.sun.proxy.$Proxy7.findElement(Unknown Source)
at org.openqa.selenium.support.events.EventFiringWebDriver.findElement(EventFiringWebDriver.java:186)
at com.ril.Feedzai.Utility.Login_LogOut.Agent_LogIn(Login_LogOut.java:91)
at com.ril.FeedzaiTestScript.Feedzai_Rule250b_250c_250e_250g_Agent.PerformAgentTranc(Feedzai_Rule250b_250c_250e_250g_Agent.java:282)
... Removed 32 stack frames]]>
    </failure>
  </testcase> <!-- PerformAgentTranc -->
  <testcase name="PulseRevert_250b" time="134.499" classname="com.ril.FeedzaiTestScript.Feedzai_Rule250b_250c_250e_250g_Agent">
    <skipped/>
  </testcase> <!-- PulseRevert_250b -->
  <testcase name="PulseRevert_250b" time="143.759" classname="com.ril.FeedzaiTestScript.Feedzai_Rule250b_250c_250e_250g_Agent">
    <failure type="org.openqa.selenium.ElementNotVisibleException" message="element not visible
  (Session info: chrome=68.0.3440.106)
  (Driver info: chromedriver=2.40.565498 (ea082db3280dd6843ebfb08a625e3eb905c4f5ab),platform=Windows NT 6.1.7601 SP1 x86_64) (WARNING: The server did not provide any stacktrace information)
Command duration or timeout: 0 milliseconds
Build info: version: &amp;apos;3.8.1&amp;apos;, revision: &amp;apos;6e95a6684b&amp;apos;, time: &amp;apos;2017-12-01T18:33:54.468Z&amp;apos;
System info: host: &amp;apos;DT0050573&amp;apos;, ip: &amp;apos;10.50.54.235&amp;apos;, os.name: &amp;apos;Windows 7&amp;apos;, os.arch: &amp;apos;amd64&amp;apos;, os.version: &amp;apos;6.1&amp;apos;, java.version: &amp;apos;1.8.0_171&amp;apos;
Driver info: org.openqa.selenium.chrome.ChromeDriver
Capabilities {acceptInsecureCerts: false, acceptSslCerts: false, applicationCacheEnabled: false, browserConnectionEnabled: false, browserName: chrome, chrome: {chromedriverVersion: 2.40.565498 (ea082db3280dd6..., userDataDir: C:\Users\SAILAJ~1.SAM\AppDa...}, cssSelectorsEnabled: true, databaseEnabled: false, handlesAlerts: true, hasTouchScreen: false, javascriptEnabled: true, locationContextEnabled: true, mobileEmulationEnabled: false, nativeEvents: true, networkConnectionEnabled: false, pageLoadStrategy: normal, platform: XP, platformName: XP, rotatable: false, setWindowRect: true, takesHeapSnapshot: true, takesScreenshot: true, unexpectedAlertBehaviour: , unhandledPromptBehavior: , version: 68.0.3440.106, webStorageEnabled: true}
Session ID: c710cd0e5b8c6ac293bc3ad58fad9b3c">
      <![CDATA[org.openqa.selenium.ElementNotVisibleException: element not visible
  (Session info: chrome=68.0.3440.106)
  (Driver info: chromedriver=2.40.565498 (ea082db3280dd6843ebfb08a625e3eb905c4f5ab),platform=Windows NT 6.1.7601 SP1 x86_64) (WARNING: The server did not provide any stacktrace information)
Command duration or timeout: 0 milliseconds
Build info: version: '3.8.1', revision: '6e95a6684b', time: '2017-12-01T18:33:54.468Z'
System info: host: 'DT0050573', ip: '10.50.54.235', os.name: 'Windows 7', os.arch: 'amd64', os.version: '6.1', java.version: '1.8.0_171'
Driver info: org.openqa.selenium.chrome.ChromeDriver
Capabilities {acceptInsecureCerts: false, acceptSslCerts: false, applicationCacheEnabled: false, browserConnectionEnabled: false, browserName: chrome, chrome: {chromedriverVersion: 2.40.565498 (ea082db3280dd6..., userDataDir: C:\Users\SAILAJ~1.SAM\AppDa...}, cssSelectorsEnabled: true, databaseEnabled: false, handlesAlerts: true, hasTouchScreen: false, javascriptEnabled: true, locationContextEnabled: true, mobileEmulationEnabled: false, nativeEvents: true, networkConnectionEnabled: false, pageLoadStrategy: normal, platform: XP, platformName: XP, rotatable: false, setWindowRect: true, takesHeapSnapshot: true, takesScreenshot: true, unexpectedAlertBehaviour: , unhandledPromptBehavior: , version: 68.0.3440.106, webStorageEnabled: true}
Session ID: c710cd0e5b8c6ac293bc3ad58fad9b3c
at org.openqa.selenium.remote.ErrorHandler.createThrowable(ErrorHandler.java:214)
at org.openqa.selenium.remote.ErrorHandler.throwIfResponseFailed(ErrorHandler.java:166)
at org.openqa.selenium.remote.http.JsonHttpResponseCodec.reconstructValue(JsonHttpResponseCodec.java:40)
at org.openqa.selenium.remote.http.AbstractHttpResponseCodec.decode(AbstractHttpResponseCodec.java:80)
at org.openqa.selenium.remote.http.AbstractHttpResponseCodec.decode(AbstractHttpResponseCodec.java:44)
at org.openqa.selenium.remote.HttpCommandExecutor.execute(HttpCommandExecutor.java:164)
at org.openqa.selenium.remote.service.DriverCommandExecutor.execute(DriverCommandExecutor.java:83)
at org.openqa.selenium.remote.RemoteWebDriver.execute(RemoteWebDriver.java:601)
at org.openqa.selenium.remote.RemoteWebElement.execute(RemoteWebElement.java:279)
at org.openqa.selenium.remote.RemoteWebElement.sendKeys(RemoteWebElement.java:100)
at org.openqa.selenium.support.events.EventFiringWebDriver$EventFiringWebElement.lambda$new$0(EventFiringWebDriver.java:371)
at com.sun.proxy.$Proxy8.sendKeys(Unknown Source)
at org.openqa.selenium.support.events.EventFiringWebDriver$EventFiringWebElement.sendKeys(EventFiringWebDriver.java:393)
at com.ril.Feedzai.Utility.Login_LogOut.Pulse_LogIn(Login_LogOut.java:18)
at com.ril.FeedzaiTestScript.Feedzai_Rule250b_250c_250e_250g_Agent.PulseRevert_250b(Feedzai_Rule250b_250c_250e_250g_Agent.java:350)
... Removed 32 stack frames]]>
    </failure>
  </testcase> <!-- PulseRevert_250b -->
  <testcase name="PulseRevert_250c" time="48.925" classname="com.ril.FeedzaiTestScript.Feedzai_Rule250b_250c_250e_250g_Agent"/>
  <testcase name="PulseRevert_250e" time="40.142" classname="com.ril.FeedzaiTestScript.Feedzai_Rule250b_250c_250e_250g_Agent"/>
  <testcase name="PulseRevert_250g" time="30.383" classname="com.ril.FeedzaiTestScript.Feedzai_Rule250b_250c_250e_250g_Agent"/>
  <testcase name="PulseChange_160a" time="100.194" classname="com.ril.FeedzaiTestScript.Feedzai_Rule160a_160aa_160b_160ba_Outward"/>
  <testcase name="PulseChange_160aa" time="69.9" classname="com.ril.FeedzaiTestScript.Feedzai_Rule160a_160aa_160b_160ba_Outward"/>
  <testcase name="PulseChange_160b" time="70.061" classname="com.ril.FeedzaiTestScript.Feedzai_Rule160a_160aa_160b_160ba_Outward"/>
  <testcase name="PulseChange_160ba" time="113.001" classname="com.ril.FeedzaiTestScript.Feedzai_Rule160a_160aa_160b_160ba_Outward"/>
  <testcase name="ListChange_160ba" time="60.524" classname="com.ril.FeedzaiTestScript.Feedzai_Rule160a_160aa_160b_160ba_Outward"/>
  <testcase name="AM_Verify_160a_160aa_160b_160ba" time="150.912" classname="com.ril.FeedzaiTestScript.Feedzai_Rule160a_160aa_160b_160ba_Outward">
    <skipped/>
  </testcase> <!-- AM_Verify_160a_160aa_160b_160ba -->
  <testcase name="AM_Verify_160a_160aa_160b_160ba" time="134.014" classname="com.ril.FeedzaiTestScript.Feedzai_Rule160a_160aa_160b_160ba_Outward">
    <failure type="org.openqa.selenium.NoSuchElementException" message="no such element: Unable to locate element: {&amp;quot;method&amp;quot;:&amp;quot;xpath&amp;quot;,&amp;quot;selector&amp;quot;:&amp;quot;//input[@id=&amp;quot;r1:0:it1::content&amp;quot;]&amp;quot;}
  (Session info: chrome=68.0.3440.106)
  (Driver info: chromedriver=2.40.565498 (ea082db3280dd6843ebfb08a625e3eb905c4f5ab),platform=Windows NT 6.1.7601 SP1 x86_64) (WARNING: The server did not provide any stacktrace information)
Command duration or timeout: 0 milliseconds
For documentation on this error, please visit: http://seleniumhq.org/exceptions/no_such_element.html
Build info: version: &amp;apos;3.8.1&amp;apos;, revision: &amp;apos;6e95a6684b&amp;apos;, time: &amp;apos;2017-12-01T18:33:54.468Z&amp;apos;
System info: host: &amp;apos;DT0050573&amp;apos;, ip: &amp;apos;10.50.54.235&amp;apos;, os.name: &amp;apos;Windows 7&amp;apos;, os.arch: &amp;apos;amd64&amp;apos;, os.version: &amp;apos;6.1&amp;apos;, java.version: &amp;apos;1.8.0_171&amp;apos;
Driver info: org.openqa.selenium.chrome.ChromeDriver
Capabilities {acceptInsecureCerts: false, acceptSslCerts: false, applicationCacheEnabled: false, browserConnectionEnabled: false, browserName: chrome, chrome: {chromedriverVersion: 2.40.565498 (ea082db3280dd6..., userDataDir: C:\Users\SAILAJ~1.SAM\AppDa...}, cssSelectorsEnabled: true, databaseEnabled: false, handlesAlerts: true, hasTouchScreen: false, javascriptEnabled: true, locationContextEnabled: true, mobileEmulationEnabled: false, nativeEvents: true, networkConnectionEnabled: false, pageLoadStrategy: normal, platform: XP, platformName: XP, rotatable: false, setWindowRect: true, takesHeapSnapshot: true, takesScreenshot: true, unexpectedAlertBehaviour: , unhandledPromptBehavior: , version: 68.0.3440.106, webStorageEnabled: true}
Session ID: c710cd0e5b8c6ac293bc3ad58fad9b3c
*** Element info: {Using=xpath, value=//input[@id=&amp;quot;r1:0:it1::content&amp;quot;]}">
      <![CDATA[org.openqa.selenium.NoSuchElementException: no such element: Unable to locate element: {"method":"xpath","selector":"//input[@id="r1:0:it1::content"]"}
  (Session info: chrome=68.0.3440.106)
  (Driver info: chromedriver=2.40.565498 (ea082db3280dd6843ebfb08a625e3eb905c4f5ab),platform=Windows NT 6.1.7601 SP1 x86_64) (WARNING: The server did not provide any stacktrace information)
Command duration or timeout: 0 milliseconds
For documentation on this error, please visit: http://seleniumhq.org/exceptions/no_such_element.html
Build info: version: '3.8.1', revision: '6e95a6684b', time: '2017-12-01T18:33:54.468Z'
System info: host: 'DT0050573', ip: '10.50.54.235', os.name: 'Windows 7', os.arch: 'amd64', os.version: '6.1', java.version: '1.8.0_171'
Driver info: org.openqa.selenium.chrome.ChromeDriver
Capabilities {acceptInsecureCerts: false, acceptSslCerts: false, applicationCacheEnabled: false, browserConnectionEnabled: false, browserName: chrome, chrome: {chromedriverVersion: 2.40.565498 (ea082db3280dd6..., userDataDir: C:\Users\SAILAJ~1.SAM\AppDa...}, cssSelectorsEnabled: true, databaseEnabled: false, handlesAlerts: true, hasTouchScreen: false, javascriptEnabled: true, locationContextEnabled: true, mobileEmulationEnabled: false, nativeEvents: true, networkConnectionEnabled: false, pageLoadStrategy: normal, platform: XP, platformName: XP, rotatable: false, setWindowRect: true, takesHeapSnapshot: true, takesScreenshot: true, unexpectedAlertBehaviour: , unhandledPromptBehavior: , version: 68.0.3440.106, webStorageEnabled: true}
Session ID: c710cd0e5b8c6ac293bc3ad58fad9b3c
*** Element info: {Using=xpath, value=//input[@id="r1:0:it1::content"]}
at org.openqa.selenium.remote.ErrorHandler.createThrowable(ErrorHandler.java:214)
at org.openqa.selenium.remote.ErrorHandler.throwIfResponseFailed(ErrorHandler.java:166)
at org.openqa.selenium.remote.http.JsonHttpResponseCodec.reconstructValue(JsonHttpResponseCodec.java:40)
at org.openqa.selenium.remote.http.AbstractHttpResponseCodec.decode(AbstractHttpResponseCodec.java:80)
at org.openqa.selenium.remote.http.AbstractHttpResponseCodec.decode(AbstractHttpResponseCodec.java:44)
at org.openqa.selenium.remote.HttpCommandExecutor.execute(HttpCommandExecutor.java:164)
at org.openqa.selenium.remote.service.DriverCommandExecutor.execute(DriverCommandExecutor.java:83)
at org.openqa.selenium.remote.RemoteWebDriver.execute(RemoteWebDriver.java:601)
at org.openqa.selenium.remote.RemoteWebDriver.findElement(RemoteWebDriver.java:371)
at org.openqa.selenium.remote.RemoteWebDriver.findElementByXPath(RemoteWebDriver.java:473)
at org.openqa.selenium.By$ByXPath.findElement(By.java:361)
at org.openqa.selenium.remote.RemoteWebDriver.findElement(RemoteWebDriver.java:363)
at org.openqa.selenium.support.events.EventFiringWebDriver.lambda$new$1(EventFiringWebDriver.java:103)
at com.sun.proxy.$Proxy7.findElement(Unknown Source)
at org.openqa.selenium.support.events.EventFiringWebDriver.findElement(EventFiringWebDriver.java:186)
at com.ril.Feedzai.Utility.Login_LogOut.Agent_LogIn(Login_LogOut.java:91)
at com.ril.Feedzai.Utility.Agent_FundTransfer.Perform_Agent_NEFTTransfer(Agent_FundTransfer.java:9)
at com.ril.FeedzaiTestScript.Feedzai_Rule160a_160aa_160b_160ba_Outward.AM_Verify_160a_160aa_160b_160ba(Feedzai_Rule160a_160aa_160b_160ba_Outward.java:234)
... Removed 32 stack frames]]>
    </failure>
  </testcase> <!-- AM_Verify_160a_160aa_160b_160ba -->
  <testcase name="PulseRevert_160a" time="82.548" classname="com.ril.FeedzaiTestScript.Feedzai_Rule160a_160aa_160b_160ba_Outward"/>
  <testcase name="PulseRevert_160aa" time="47.215" classname="com.ril.FeedzaiTestScript.Feedzai_Rule160a_160aa_160b_160ba_Outward"/>
  <testcase name="ListChangeRevert_160ba" time="62.632" classname="com.ril.FeedzaiTestScript.Feedzai_Rule160a_160aa_160b_160ba_Outward"/>
  <testcase name="ListChangeRevert_160b" time="47.197" classname="com.ril.FeedzaiTestScript.Feedzai_Rule160a_160aa_160b_160ba_Outward"/>
  <testcase name="PulseChange_160i" time="92.681" classname="com.ril.FeedzaiTestScript.Feedzai_Rule160i_160j_160m_160l_Outward"/>
  <testcase name="PulseChange_160j" time="92.817" classname="com.ril.FeedzaiTestScript.Feedzai_Rule160i_160j_160m_160l_Outward"/>
  <testcase name="PulseChange_160m" time="92.779" classname="com.ril.FeedzaiTestScript.Feedzai_Rule160i_160j_160m_160l_Outward"/>
  <testcase name="PulseChange_160l" time="157.953" classname="com.ril.FeedzaiTestScript.Feedzai_Rule160i_160j_160m_160l_Outward"/>
  <testcase name="AM_Verify_160a_160aa_160b_160ba" time="220.74" classname="com.ril.FeedzaiTestScript.Feedzai_Rule160i_160j_160m_160l_Outward">
    <skipped/>
  </testcase> <!-- AM_Verify_160a_160aa_160b_160ba -->
  <testcase name="AM_Verify_160a_160aa_160b_160ba" time="134.25" classname="com.ril.FeedzaiTestScript.Feedzai_Rule160i_160j_160m_160l_Outward">
    <failure type="org.openqa.selenium.NoSuchElementException" message="no such element: Unable to locate element: {&amp;quot;method&amp;quot;:&amp;quot;xpath&amp;quot;,&amp;quot;selector&amp;quot;:&amp;quot;//input[@id=&amp;quot;r1:0:it1::content&amp;quot;]&amp;quot;}
  (Session info: chrome=68.0.3440.106)
  (Driver info: chromedriver=2.40.565498 (ea082db3280dd6843ebfb08a625e3eb905c4f5ab),platform=Windows NT 6.1.7601 SP1 x86_64) (WARNING: The server did not provide any stacktrace information)
Command duration or timeout: 0 milliseconds
For documentation on this error, please visit: http://seleniumhq.org/exceptions/no_such_element.html
Build info: version: &amp;apos;3.8.1&amp;apos;, revision: &amp;apos;6e95a6684b&amp;apos;, time: &amp;apos;2017-12-01T18:33:54.468Z&amp;apos;
System info: host: &amp;apos;DT0050573&amp;apos;, ip: &amp;apos;10.50.54.235&amp;apos;, os.name: &amp;apos;Windows 7&amp;apos;, os.arch: &amp;apos;amd64&amp;apos;, os.version: &amp;apos;6.1&amp;apos;, java.version: &amp;apos;1.8.0_171&amp;apos;
Driver info: org.openqa.selenium.chrome.ChromeDriver
Capabilities {acceptInsecureCerts: false, acceptSslCerts: false, applicationCacheEnabled: false, browserConnectionEnabled: false, browserName: chrome, chrome: {chromedriverVersion: 2.40.565498 (ea082db3280dd6..., userDataDir: C:\Users\SAILAJ~1.SAM\AppDa...}, cssSelectorsEnabled: true, databaseEnabled: false, handlesAlerts: true, hasTouchScreen: false, javascriptEnabled: true, locationContextEnabled: true, mobileEmulationEnabled: false, nativeEvents: true, networkConnectionEnabled: false, pageLoadStrategy: normal, platform: XP, platformName: XP, rotatable: false, setWindowRect: true, takesHeapSnapshot: true, takesScreenshot: true, unexpectedAlertBehaviour: , unhandledPromptBehavior: , version: 68.0.3440.106, webStorageEnabled: true}
Session ID: c710cd0e5b8c6ac293bc3ad58fad9b3c
*** Element info: {Using=xpath, value=//input[@id=&amp;quot;r1:0:it1::content&amp;quot;]}">
      <![CDATA[org.openqa.selenium.NoSuchElementException: no such element: Unable to locate element: {"method":"xpath","selector":"//input[@id="r1:0:it1::content"]"}
  (Session info: chrome=68.0.3440.106)
  (Driver info: chromedriver=2.40.565498 (ea082db3280dd6843ebfb08a625e3eb905c4f5ab),platform=Windows NT 6.1.7601 SP1 x86_64) (WARNING: The server did not provide any stacktrace information)
Command duration or timeout: 0 milliseconds
For documentation on this error, please visit: http://seleniumhq.org/exceptions/no_such_element.html
Build info: version: '3.8.1', revision: '6e95a6684b', time: '2017-12-01T18:33:54.468Z'
System info: host: 'DT0050573', ip: '10.50.54.235', os.name: 'Windows 7', os.arch: 'amd64', os.version: '6.1', java.version: '1.8.0_171'
Driver info: org.openqa.selenium.chrome.ChromeDriver
Capabilities {acceptInsecureCerts: false, acceptSslCerts: false, applicationCacheEnabled: false, browserConnectionEnabled: false, browserName: chrome, chrome: {chromedriverVersion: 2.40.565498 (ea082db3280dd6..., userDataDir: C:\Users\SAILAJ~1.SAM\AppDa...}, cssSelectorsEnabled: true, databaseEnabled: false, handlesAlerts: true, hasTouchScreen: false, javascriptEnabled: true, locationContextEnabled: true, mobileEmulationEnabled: false, nativeEvents: true, networkConnectionEnabled: false, pageLoadStrategy: normal, platform: XP, platformName: XP, rotatable: false, setWindowRect: true, takesHeapSnapshot: true, takesScreenshot: true, unexpectedAlertBehaviour: , unhandledPromptBehavior: , version: 68.0.3440.106, webStorageEnabled: true}
Session ID: c710cd0e5b8c6ac293bc3ad58fad9b3c
*** Element info: {Using=xpath, value=//input[@id="r1:0:it1::content"]}
at org.openqa.selenium.remote.ErrorHandler.createThrowable(ErrorHandler.java:214)
at org.openqa.selenium.remote.ErrorHandler.throwIfResponseFailed(ErrorHandler.java:166)
at org.openqa.selenium.remote.http.JsonHttpResponseCodec.reconstructValue(JsonHttpResponseCodec.java:40)
at org.openqa.selenium.remote.http.AbstractHttpResponseCodec.decode(AbstractHttpResponseCodec.java:80)
at org.openqa.selenium.remote.http.AbstractHttpResponseCodec.decode(AbstractHttpResponseCodec.java:44)
at org.openqa.selenium.remote.HttpCommandExecutor.execute(HttpCommandExecutor.java:164)
at org.openqa.selenium.remote.service.DriverCommandExecutor.execute(DriverCommandExecutor.java:83)
at org.openqa.selenium.remote.RemoteWebDriver.execute(RemoteWebDriver.java:601)
at org.openqa.selenium.remote.RemoteWebDriver.findElement(RemoteWebDriver.java:371)
at org.openqa.selenium.remote.RemoteWebDriver.findElementByXPath(RemoteWebDriver.java:473)
at org.openqa.selenium.By$ByXPath.findElement(By.java:361)
at org.openqa.selenium.remote.RemoteWebDriver.findElement(RemoteWebDriver.java:363)
at org.openqa.selenium.support.events.EventFiringWebDriver.lambda$new$1(EventFiringWebDriver.java:103)
at com.sun.proxy.$Proxy7.findElement(Unknown Source)
at org.openqa.selenium.support.events.EventFiringWebDriver.findElement(EventFiringWebDriver.java:186)
at com.ril.Feedzai.Utility.Login_LogOut.Agent_LogIn(Login_LogOut.java:91)
at com.ril.Feedzai.Utility.Agent_FundTransfer.Perform_Agent_P2PTransfer(Agent_FundTransfer.java:135)
at com.ril.FeedzaiTestScript.Feedzai_Rule160i_160j_160m_160l_Outward.AM_Verify_160a_160aa_160b_160ba(Feedzai_Rule160i_160j_160m_160l_Outward.java:276)
... Removed 32 stack frames]]>
    </failure>
  </testcase> <!-- AM_Verify_160a_160aa_160b_160ba -->
  <testcase name="PulseRevert_160i" time="78.678" classname="com.ril.FeedzaiTestScript.Feedzai_Rule160i_160j_160m_160l_Outward"/>
  <testcase name="PulseRevert_160j" time="43.406" classname="com.ril.FeedzaiTestScript.Feedzai_Rule160i_160j_160m_160l_Outward"/>
  <testcase name="PulseRevert_160m" time="43.302" classname="com.ril.FeedzaiTestScript.Feedzai_Rule160i_160j_160m_160l_Outward"/>
  <testcase name="PulseRevert_160l" time="44.914" classname="com.ril.FeedzaiTestScript.Feedzai_Rule160i_160j_160m_160l_Outward"/>
  <testcase name="@AfterSuite endReport" time="0.0" classname="com.ril.Feedzai.BaseClass.FeedzaiTestBaseClass">
    <ignored/>
  </testcase> <!-- @AfterSuite endReport -->
  <testcase name="@AfterSuite endReport" time="0.0" classname="com.ril.Feedzai.BaseClass.FeedzaiTestBaseClass">
    <ignored/>
  </testcase> <!-- @AfterSuite endReport -->
  <testcase name="@AfterSuite endReport" time="0.0" classname="com.ril.Feedzai.BaseClass.FeedzaiTestBaseClass">
    <ignored/>
  </testcase> <!-- @AfterSuite endReport -->
  <testcase name="@AfterSuite endReport" time="0.0" classname="com.ril.Feedzai.BaseClass.FeedzaiTestBaseClass">
    <ignored/>
  </testcase> <!-- @AfterSuite endReport -->
  <testcase name="@AfterSuite endReport" time="0.0" classname="com.ril.Feedzai.BaseClass.FeedzaiTestBaseClass">
    <ignored/>
  </testcase> <!-- @AfterSuite endReport -->
  <testcase name="@BeforeSuite TestDataSetup" time="0.0" classname="com.ril.Feedzai.BaseClass.FeedzaiTestBaseClass">
    <ignored/>
  </testcase> <!-- @BeforeSuite TestDataSetup -->
  <testcase name="@BeforeSuite TestDataSetup" time="0.0" classname="com.ril.Feedzai.BaseClass.FeedzaiTestBaseClass">
    <ignored/>
  </testcase> <!-- @BeforeSuite TestDataSetup -->
  <testcase name="@BeforeSuite TestDataSetup" time="0.0" classname="com.ril.Feedzai.BaseClass.FeedzaiTestBaseClass">
    <ignored/>
  </testcase> <!-- @BeforeSuite TestDataSetup -->
  <testcase name="@BeforeSuite TestDataSetup" time="0.0" classname="com.ril.Feedzai.BaseClass.FeedzaiTestBaseClass">
    <ignored/>
  </testcase> <!-- @BeforeSuite TestDataSetup -->
  <testcase name="@BeforeSuite TestDataSetup" time="0.0" classname="com.ril.Feedzai.BaseClass.FeedzaiTestBaseClass">
    <ignored/>
  </testcase> <!-- @BeforeSuite TestDataSetup -->
</testsuite> <!-- Feedzai Automation1 -->
